c:\users\radiance\desktop\assign3\a3\a3\debug\vc140.pdb
c:\users\radiance\desktop\assign3\a3\a3\debug\vc140.idb
c:\users\radiance\desktop\assign3\a3\a3\debug\glad.obj
c:\users\radiance\desktop\assign3\a3\a3\debug\main.obj
c:\users\radiance\desktop\assign3\a3\a3\debug\particle.obj
c:\users\radiance\desktop\assign3\a3\a3\debug\shader.obj
c:\users\radiance\desktop\assign3\a3\a3\debug\spring.obj
c:\users\radiance\desktop\assign3\a3\debug\a3.ilk
c:\users\radiance\desktop\assign3\a3\debug\a3.exe
c:\users\radiance\desktop\assign3\a3\debug\a3.pdb
c:\users\radiance\desktop\assign3\a3\a3\debug\camera.obj
c:\users\radiance\desktop\assign3\a3\a3\debug\a3.tlog\cl.command.1.tlog
c:\users\radiance\desktop\assign3\a3\a3\debug\a3.tlog\cl.read.1.tlog
c:\users\radiance\desktop\assign3\a3\a3\debug\a3.tlog\cl.write.1.tlog
c:\users\radiance\desktop\assign3\a3\a3\debug\a3.tlog\link.10016.delete.1.tlog
c:\users\radiance\desktop\assign3\a3\a3\debug\a3.tlog\link.10040.delete.1.tlog
c:\users\radiance\desktop\assign3\a3\a3\debug\a3.tlog\link.10072.delete.1.tlog
c:\users\radiance\desktop\assign3\a3\a3\debug\a3.tlog\link.10224.delete.1.tlog
c:\users\radiance\desktop\assign3\a3\a3\debug\a3.tlog\link.10244.delete.1.tlog
c:\users\radiance\desktop\assign3\a3\a3\debug\a3.tlog\link.10308.delete.1.tlog
c:\users\radiance\desktop\assign3\a3\a3\debug\a3.tlog\link.10316.delete.1.tlog
c:\users\radiance\desktop\assign3\a3\a3\debug\a3.tlog\link.10360.delete.1.tlog
c:\users\radiance\desktop\assign3\a3\a3\debug\a3.tlog\link.10376.delete.1.tlog
c:\users\radiance\desktop\assign3\a3\a3\debug\a3.tlog\link.10404.delete.1.tlog
c:\users\radiance\desktop\assign3\a3\a3\debug\a3.tlog\link.10452.delete.1.tlog
c:\users\radiance\desktop\assign3\a3\a3\debug\a3.tlog\link.10472.delete.1.tlog
c:\users\radiance\desktop\assign3\a3\a3\debug\a3.tlog\link.10612.delete.1.tlog
c:\users\radiance\desktop\assign3\a3\a3\debug\a3.tlog\link.10644.delete.1.tlog
c:\users\radiance\desktop\assign3\a3\a3\debug\a3.tlog\link.10664.delete.1.tlog
c:\users\radiance\desktop\assign3\a3\a3\debug\a3.tlog\link.10668.delete.1.tlog
c:\users\radiance\desktop\assign3\a3\a3\debug\a3.tlog\link.10672.delete.1.tlog
c:\users\radiance\desktop\assign3\a3\a3\debug\a3.tlog\link.10700.delete.1.tlog
c:\users\radiance\desktop\assign3\a3\a3\debug\a3.tlog\link.10744.delete.1.tlog
c:\users\radiance\desktop\assign3\a3\a3\debug\a3.tlog\link.10748.delete.1.tlog
c:\users\radiance\desktop\assign3\a3\a3\debug\a3.tlog\link.10816.delete.1.tlog
c:\users\radiance\desktop\assign3\a3\a3\debug\a3.tlog\link.10868.delete.1.tlog
c:\users\radiance\desktop\assign3\a3\a3\debug\a3.tlog\link.1088.delete.1.tlog
c:\users\radiance\desktop\assign3\a3\a3\debug\a3.tlog\link.10984.delete.1.tlog
c:\users\radiance\desktop\assign3\a3\a3\debug\a3.tlog\link.11000.delete.1.tlog
c:\users\radiance\desktop\assign3\a3\a3\debug\a3.tlog\link.11044.delete.1.tlog
c:\users\radiance\desktop\assign3\a3\a3\debug\a3.tlog\link.11084.delete.1.tlog
c:\users\radiance\desktop\assign3\a3\a3\debug\a3.tlog\link.11088.delete.1.tlog
c:\users\radiance\desktop\assign3\a3\a3\debug\a3.tlog\link.11116.delete.1.tlog
c:\users\radiance\desktop\assign3\a3\a3\debug\a3.tlog\link.11128.delete.1.tlog
c:\users\radiance\desktop\assign3\a3\a3\debug\a3.tlog\link.11152.delete.1.tlog
c:\users\radiance\desktop\assign3\a3\a3\debug\a3.tlog\link.11160.delete.1.tlog
c:\users\radiance\desktop\assign3\a3\a3\debug\a3.tlog\link.11196.delete.1.tlog
c:\users\radiance\desktop\assign3\a3\a3\debug\a3.tlog\link.11228.delete.1.tlog
c:\users\radiance\desktop\assign3\a3\a3\debug\a3.tlog\link.11240.delete.1.tlog
c:\users\radiance\desktop\assign3\a3\a3\debug\a3.tlog\link.11244.delete.1.tlog
c:\users\radiance\desktop\assign3\a3\a3\debug\a3.tlog\link.11252.delete.1.tlog
c:\users\radiance\desktop\assign3\a3\a3\debug\a3.tlog\link.11448.delete.1.tlog
c:\users\radiance\desktop\assign3\a3\a3\debug\a3.tlog\link.11452.delete.1.tlog
c:\users\radiance\desktop\assign3\a3\a3\debug\a3.tlog\link.11456.delete.1.tlog
c:\users\radiance\desktop\assign3\a3\a3\debug\a3.tlog\link.11480.delete.1.tlog
c:\users\radiance\desktop\assign3\a3\a3\debug\a3.tlog\link.11512.delete.1.tlog
c:\users\radiance\desktop\assign3\a3\a3\debug\a3.tlog\link.11540.delete.1.tlog
c:\users\radiance\desktop\assign3\a3\a3\debug\a3.tlog\link.11612.delete.1.tlog
c:\users\radiance\desktop\assign3\a3\a3\debug\a3.tlog\link.11656.delete.1.tlog
c:\users\radiance\desktop\assign3\a3\a3\debug\a3.tlog\link.11672.delete.1.tlog
c:\users\radiance\desktop\assign3\a3\a3\debug\a3.tlog\link.11676.delete.1.tlog
c:\users\radiance\desktop\assign3\a3\a3\debug\a3.tlog\link.11700.delete.1.tlog
c:\users\radiance\desktop\assign3\a3\a3\debug\a3.tlog\link.11728.delete.1.tlog
c:\users\radiance\desktop\assign3\a3\a3\debug\a3.tlog\link.11748.delete.1.tlog
c:\users\radiance\desktop\assign3\a3\a3\debug\a3.tlog\link.11764.delete.1.tlog
c:\users\radiance\desktop\assign3\a3\a3\debug\a3.tlog\link.11792.delete.1.tlog
c:\users\radiance\desktop\assign3\a3\a3\debug\a3.tlog\link.11872.delete.1.tlog
c:\users\radiance\desktop\assign3\a3\a3\debug\a3.tlog\link.11880.delete.1.tlog
c:\users\radiance\desktop\assign3\a3\a3\debug\a3.tlog\link.11900.delete.1.tlog
c:\users\radiance\desktop\assign3\a3\a3\debug\a3.tlog\link.11912.delete.1.tlog
c:\users\radiance\desktop\assign3\a3\a3\debug\a3.tlog\link.1192.delete.1.tlog
c:\users\radiance\desktop\assign3\a3\a3\debug\a3.tlog\link.11956.delete.1.tlog
c:\users\radiance\desktop\assign3\a3\a3\debug\a3.tlog\link.11980.delete.1.tlog
c:\users\radiance\desktop\assign3\a3\a3\debug\a3.tlog\link.12080.delete.1.tlog
c:\users\radiance\desktop\assign3\a3\a3\debug\a3.tlog\link.12228.delete.1.tlog
c:\users\radiance\desktop\assign3\a3\a3\debug\a3.tlog\link.12284.delete.1.tlog
c:\users\radiance\desktop\assign3\a3\a3\debug\a3.tlog\link.1300.delete.1.tlog
c:\users\radiance\desktop\assign3\a3\a3\debug\a3.tlog\link.1328.delete.1.tlog
c:\users\radiance\desktop\assign3\a3\a3\debug\a3.tlog\link.1340.delete.1.tlog
c:\users\radiance\desktop\assign3\a3\a3\debug\a3.tlog\link.1428.delete.1.tlog
c:\users\radiance\desktop\assign3\a3\a3\debug\a3.tlog\link.1544.delete.1.tlog
c:\users\radiance\desktop\assign3\a3\a3\debug\a3.tlog\link.1584.delete.1.tlog
c:\users\radiance\desktop\assign3\a3\a3\debug\a3.tlog\link.1608.delete.1.tlog
c:\users\radiance\desktop\assign3\a3\a3\debug\a3.tlog\link.1620.delete.1.tlog
c:\users\radiance\desktop\assign3\a3\a3\debug\a3.tlog\link.1636.delete.1.tlog
c:\users\radiance\desktop\assign3\a3\a3\debug\a3.tlog\link.1680.delete.1.tlog
c:\users\radiance\desktop\assign3\a3\a3\debug\a3.tlog\link.1700.delete.1.tlog
c:\users\radiance\desktop\assign3\a3\a3\debug\a3.tlog\link.1724.delete.1.tlog
c:\users\radiance\desktop\assign3\a3\a3\debug\a3.tlog\link.1752.delete.1.tlog
c:\users\radiance\desktop\assign3\a3\a3\debug\a3.tlog\link.1792.delete.1.tlog
c:\users\radiance\desktop\assign3\a3\a3\debug\a3.tlog\link.1832.delete.1.tlog
c:\users\radiance\desktop\assign3\a3\a3\debug\a3.tlog\link.1900.delete.1.tlog
c:\users\radiance\desktop\assign3\a3\a3\debug\a3.tlog\link.196.delete.1.tlog
c:\users\radiance\desktop\assign3\a3\a3\debug\a3.tlog\link.2092.delete.1.tlog
c:\users\radiance\desktop\assign3\a3\a3\debug\a3.tlog\link.2104.delete.1.tlog
c:\users\radiance\desktop\assign3\a3\a3\debug\a3.tlog\link.2172.delete.1.tlog
c:\users\radiance\desktop\assign3\a3\a3\debug\a3.tlog\link.2240.delete.1.tlog
c:\users\radiance\desktop\assign3\a3\a3\debug\a3.tlog\link.2380.delete.1.tlog
c:\users\radiance\desktop\assign3\a3\a3\debug\a3.tlog\link.2440.delete.1.tlog
c:\users\radiance\desktop\assign3\a3\a3\debug\a3.tlog\link.2580.delete.1.tlog
c:\users\radiance\desktop\assign3\a3\a3\debug\a3.tlog\link.2620.delete.1.tlog
c:\users\radiance\desktop\assign3\a3\a3\debug\a3.tlog\link.2692.delete.1.tlog
c:\users\radiance\desktop\assign3\a3\a3\debug\a3.tlog\link.2712.delete.1.tlog
c:\users\radiance\desktop\assign3\a3\a3\debug\a3.tlog\link.2864.delete.1.tlog
c:\users\radiance\desktop\assign3\a3\a3\debug\a3.tlog\link.3144.delete.1.tlog
c:\users\radiance\desktop\assign3\a3\a3\debug\a3.tlog\link.3528.delete.1.tlog
c:\users\radiance\desktop\assign3\a3\a3\debug\a3.tlog\link.3548.delete.1.tlog
c:\users\radiance\desktop\assign3\a3\a3\debug\a3.tlog\link.3556.delete.1.tlog
c:\users\radiance\desktop\assign3\a3\a3\debug\a3.tlog\link.3684.delete.1.tlog
c:\users\radiance\desktop\assign3\a3\a3\debug\a3.tlog\link.3716.delete.1.tlog
c:\users\radiance\desktop\assign3\a3\a3\debug\a3.tlog\link.3848.delete.1.tlog
c:\users\radiance\desktop\assign3\a3\a3\debug\a3.tlog\link.3876.delete.1.tlog
c:\users\radiance\desktop\assign3\a3\a3\debug\a3.tlog\link.3952.delete.1.tlog
c:\users\radiance\desktop\assign3\a3\a3\debug\a3.tlog\link.4068.delete.1.tlog
c:\users\radiance\desktop\assign3\a3\a3\debug\a3.tlog\link.4252.delete.1.tlog
c:\users\radiance\desktop\assign3\a3\a3\debug\a3.tlog\link.4276.delete.1.tlog
c:\users\radiance\desktop\assign3\a3\a3\debug\a3.tlog\link.4312.delete.1.tlog
c:\users\radiance\desktop\assign3\a3\a3\debug\a3.tlog\link.4320.delete.1.tlog
c:\users\radiance\desktop\assign3\a3\a3\debug\a3.tlog\link.4344.delete.1.tlog
c:\users\radiance\desktop\assign3\a3\a3\debug\a3.tlog\link.4348.delete.1.tlog
c:\users\radiance\desktop\assign3\a3\a3\debug\a3.tlog\link.4408.delete.1.tlog
c:\users\radiance\desktop\assign3\a3\a3\debug\a3.tlog\link.4420.delete.1.tlog
c:\users\radiance\desktop\assign3\a3\a3\debug\a3.tlog\link.4424.delete.1.tlog
c:\users\radiance\desktop\assign3\a3\a3\debug\a3.tlog\link.4508.delete.1.tlog
c:\users\radiance\desktop\assign3\a3\a3\debug\a3.tlog\link.4512.delete.1.tlog
c:\users\radiance\desktop\assign3\a3\a3\debug\a3.tlog\link.4592.delete.1.tlog
c:\users\radiance\desktop\assign3\a3\a3\debug\a3.tlog\link.4632.delete.1.tlog
c:\users\radiance\desktop\assign3\a3\a3\debug\a3.tlog\link.4696.delete.1.tlog
c:\users\radiance\desktop\assign3\a3\a3\debug\a3.tlog\link.4700.delete.1.tlog
c:\users\radiance\desktop\assign3\a3\a3\debug\a3.tlog\link.4740.delete.1.tlog
c:\users\radiance\desktop\assign3\a3\a3\debug\a3.tlog\link.4756.delete.1.tlog
c:\users\radiance\desktop\assign3\a3\a3\debug\a3.tlog\link.4776.delete.1.tlog
c:\users\radiance\desktop\assign3\a3\a3\debug\a3.tlog\link.4796.delete.1.tlog
c:\users\radiance\desktop\assign3\a3\a3\debug\a3.tlog\link.4800.delete.1.tlog
c:\users\radiance\desktop\assign3\a3\a3\debug\a3.tlog\link.4996.delete.1.tlog
c:\users\radiance\desktop\assign3\a3\a3\debug\a3.tlog\link.5020.delete.1.tlog
c:\users\radiance\desktop\assign3\a3\a3\debug\a3.tlog\link.5032.delete.1.tlog
c:\users\radiance\desktop\assign3\a3\a3\debug\a3.tlog\link.5044.delete.1.tlog
c:\users\radiance\desktop\assign3\a3\a3\debug\a3.tlog\link.5136.delete.1.tlog
c:\users\radiance\desktop\assign3\a3\a3\debug\a3.tlog\link.5236.delete.1.tlog
c:\users\radiance\desktop\assign3\a3\a3\debug\a3.tlog\link.5264.delete.1.tlog
c:\users\radiance\desktop\assign3\a3\a3\debug\a3.tlog\link.5336.delete.1.tlog
c:\users\radiance\desktop\assign3\a3\a3\debug\a3.tlog\link.5456.delete.1.tlog
c:\users\radiance\desktop\assign3\a3\a3\debug\a3.tlog\link.5484.delete.1.tlog
c:\users\radiance\desktop\assign3\a3\a3\debug\a3.tlog\link.5544.delete.1.tlog
c:\users\radiance\desktop\assign3\a3\a3\debug\a3.tlog\link.5672.delete.1.tlog
c:\users\radiance\desktop\assign3\a3\a3\debug\a3.tlog\link.5792.delete.1.tlog
c:\users\radiance\desktop\assign3\a3\a3\debug\a3.tlog\link.5908.delete.1.tlog
c:\users\radiance\desktop\assign3\a3\a3\debug\a3.tlog\link.6212.delete.1.tlog
c:\users\radiance\desktop\assign3\a3\a3\debug\a3.tlog\link.6220.delete.1.tlog
c:\users\radiance\desktop\assign3\a3\a3\debug\a3.tlog\link.6288.delete.1.tlog
c:\users\radiance\desktop\assign3\a3\a3\debug\a3.tlog\link.6296.delete.1.tlog
c:\users\radiance\desktop\assign3\a3\a3\debug\a3.tlog\link.6352.delete.1.tlog
c:\users\radiance\desktop\assign3\a3\a3\debug\a3.tlog\link.6356.delete.1.tlog
c:\users\radiance\desktop\assign3\a3\a3\debug\a3.tlog\link.6424.delete.1.tlog
c:\users\radiance\desktop\assign3\a3\a3\debug\a3.tlog\link.6508.delete.1.tlog
c:\users\radiance\desktop\assign3\a3\a3\debug\a3.tlog\link.6520.delete.1.tlog
c:\users\radiance\desktop\assign3\a3\a3\debug\a3.tlog\link.6532.delete.1.tlog
c:\users\radiance\desktop\assign3\a3\a3\debug\a3.tlog\link.6608.delete.1.tlog
c:\users\radiance\desktop\assign3\a3\a3\debug\a3.tlog\link.6648.delete.1.tlog
c:\users\radiance\desktop\assign3\a3\a3\debug\a3.tlog\link.6652.delete.1.tlog
c:\users\radiance\desktop\assign3\a3\a3\debug\a3.tlog\link.6696.delete.1.tlog
c:\users\radiance\desktop\assign3\a3\a3\debug\a3.tlog\link.6784.delete.1.tlog
c:\users\radiance\desktop\assign3\a3\a3\debug\a3.tlog\link.6788.delete.1.tlog
c:\users\radiance\desktop\assign3\a3\a3\debug\a3.tlog\link.680.delete.1.tlog
c:\users\radiance\desktop\assign3\a3\a3\debug\a3.tlog\link.6844.delete.1.tlog
c:\users\radiance\desktop\assign3\a3\a3\debug\a3.tlog\link.6920.delete.1.tlog
c:\users\radiance\desktop\assign3\a3\a3\debug\a3.tlog\link.6992.delete.1.tlog
c:\users\radiance\desktop\assign3\a3\a3\debug\a3.tlog\link.716.delete.1.tlog
c:\users\radiance\desktop\assign3\a3\a3\debug\a3.tlog\link.7256.delete.1.tlog
c:\users\radiance\desktop\assign3\a3\a3\debug\a3.tlog\link.7276.delete.1.tlog
c:\users\radiance\desktop\assign3\a3\a3\debug\a3.tlog\link.7320.delete.1.tlog
c:\users\radiance\desktop\assign3\a3\a3\debug\a3.tlog\link.7580.delete.1.tlog
c:\users\radiance\desktop\assign3\a3\a3\debug\a3.tlog\link.7632.delete.1.tlog
c:\users\radiance\desktop\assign3\a3\a3\debug\a3.tlog\link.7752.delete.1.tlog
c:\users\radiance\desktop\assign3\a3\a3\debug\a3.tlog\link.7788.delete.1.tlog
c:\users\radiance\desktop\assign3\a3\a3\debug\a3.tlog\link.7804.delete.1.tlog
c:\users\radiance\desktop\assign3\a3\a3\debug\a3.tlog\link.7884.delete.1.tlog
c:\users\radiance\desktop\assign3\a3\a3\debug\a3.tlog\link.7920.delete.1.tlog
c:\users\radiance\desktop\assign3\a3\a3\debug\a3.tlog\link.7944.delete.1.tlog
c:\users\radiance\desktop\assign3\a3\a3\debug\a3.tlog\link.8120.delete.1.tlog
c:\users\radiance\desktop\assign3\a3\a3\debug\a3.tlog\link.8132.delete.1.tlog
c:\users\radiance\desktop\assign3\a3\a3\debug\a3.tlog\link.8240.delete.1.tlog
c:\users\radiance\desktop\assign3\a3\a3\debug\a3.tlog\link.8260.delete.1.tlog
c:\users\radiance\desktop\assign3\a3\a3\debug\a3.tlog\link.8284.delete.1.tlog
c:\users\radiance\desktop\assign3\a3\a3\debug\a3.tlog\link.836.delete.1.tlog
c:\users\radiance\desktop\assign3\a3\a3\debug\a3.tlog\link.8424.delete.1.tlog
c:\users\radiance\desktop\assign3\a3\a3\debug\a3.tlog\link.8500.delete.1.tlog
c:\users\radiance\desktop\assign3\a3\a3\debug\a3.tlog\link.8528.delete.1.tlog
c:\users\radiance\desktop\assign3\a3\a3\debug\a3.tlog\link.8588.delete.1.tlog
c:\users\radiance\desktop\assign3\a3\a3\debug\a3.tlog\link.8616.delete.1.tlog
c:\users\radiance\desktop\assign3\a3\a3\debug\a3.tlog\link.8660.delete.1.tlog
c:\users\radiance\desktop\assign3\a3\a3\debug\a3.tlog\link.8672.delete.1.tlog
c:\users\radiance\desktop\assign3\a3\a3\debug\a3.tlog\link.8676.delete.1.tlog
c:\users\radiance\desktop\assign3\a3\a3\debug\a3.tlog\link.8696.delete.1.tlog
c:\users\radiance\desktop\assign3\a3\a3\debug\a3.tlog\link.8712.delete.1.tlog
c:\users\radiance\desktop\assign3\a3\a3\debug\a3.tlog\link.8932.delete.1.tlog
c:\users\radiance\desktop\assign3\a3\a3\debug\a3.tlog\link.8964.delete.1.tlog
c:\users\radiance\desktop\assign3\a3\a3\debug\a3.tlog\link.8980.delete.1.tlog
c:\users\radiance\desktop\assign3\a3\a3\debug\a3.tlog\link.8984.delete.1.tlog
c:\users\radiance\desktop\assign3\a3\a3\debug\a3.tlog\link.9028.delete.1.tlog
c:\users\radiance\desktop\assign3\a3\a3\debug\a3.tlog\link.9048.delete.1.tlog
c:\users\radiance\desktop\assign3\a3\a3\debug\a3.tlog\link.9052.delete.1.tlog
c:\users\radiance\desktop\assign3\a3\a3\debug\a3.tlog\link.9100.delete.1.tlog
c:\users\radiance\desktop\assign3\a3\a3\debug\a3.tlog\link.9124.delete.1.tlog
c:\users\radiance\desktop\assign3\a3\a3\debug\a3.tlog\link.9184.delete.1.tlog
c:\users\radiance\desktop\assign3\a3\a3\debug\a3.tlog\link.9192.delete.1.tlog
c:\users\radiance\desktop\assign3\a3\a3\debug\a3.tlog\link.920.delete.1.tlog
c:\users\radiance\desktop\assign3\a3\a3\debug\a3.tlog\link.9292.delete.1.tlog
c:\users\radiance\desktop\assign3\a3\a3\debug\a3.tlog\link.9320.delete.1.tlog
c:\users\radiance\desktop\assign3\a3\a3\debug\a3.tlog\link.940.delete.1.tlog
c:\users\radiance\desktop\assign3\a3\a3\debug\a3.tlog\link.9424.delete.1.tlog
c:\users\radiance\desktop\assign3\a3\a3\debug\a3.tlog\link.9496.delete.1.tlog
c:\users\radiance\desktop\assign3\a3\a3\debug\a3.tlog\link.9512.delete.1.tlog
c:\users\radiance\desktop\assign3\a3\a3\debug\a3.tlog\link.9516.delete.1.tlog
c:\users\radiance\desktop\assign3\a3\a3\debug\a3.tlog\link.9536.delete.1.tlog
c:\users\radiance\desktop\assign3\a3\a3\debug\a3.tlog\link.9576.delete.1.tlog
c:\users\radiance\desktop\assign3\a3\a3\debug\a3.tlog\link.9584.delete.1.tlog
c:\users\radiance\desktop\assign3\a3\a3\debug\a3.tlog\link.9708.delete.1.tlog
c:\users\radiance\desktop\assign3\a3\a3\debug\a3.tlog\link.9732.delete.1.tlog
c:\users\radiance\desktop\assign3\a3\a3\debug\a3.tlog\link.9756.delete.1.tlog
c:\users\radiance\desktop\assign3\a3\a3\debug\a3.tlog\link.9764.delete.1.tlog
c:\users\radiance\desktop\assign3\a3\a3\debug\a3.tlog\link.9796.delete.1.tlog
c:\users\radiance\desktop\assign3\a3\a3\debug\a3.tlog\link.9816.delete.1.tlog
c:\users\radiance\desktop\assign3\a3\a3\debug\a3.tlog\link.command.1.tlog
c:\users\radiance\desktop\assign3\a3\a3\debug\a3.tlog\link.delete.1.tlog
c:\users\radiance\desktop\assign3\a3\a3\debug\a3.tlog\link.read.1.tlog
c:\users\radiance\desktop\assign3\a3\a3\debug\a3.tlog\link.write.1.tlog
