  main.cpp
b:\desktop\a3\a3\a3\main.h(35): warning C4305: 'initializing': truncation from 'double' to 'float'
b:\desktop\a3\a3\a3\main.h(39): warning C4305: 'initializing': truncation from 'double' to 'float'
b:\desktop\a3\a3\a3\main.h(43): warning C4305: 'initializing': truncation from 'double' to 'float'
b:\desktop\a3\a3\a3\main.cpp(44): warning C4305: 'argument': truncation from 'double' to 'GLfloat'
b:\desktop\a3\a3\a3\main.cpp(50): warning C4018: '<': signed/unsigned mismatch
b:\desktop\a3\a3\a3\main.cpp(52): warning C4018: '<': signed/unsigned mismatch
b:\desktop\a3\a3\a3\main.cpp(59): warning C4018: '<': signed/unsigned mismatch
b:\desktop\a3\a3\a3\main.cpp(88): warning C4305: 'argument': truncation from 'double' to 'float'
b:\desktop\a3\a3\a3\main.cpp(100): warning C4305: 'argument': truncation from 'double' to 'float'
b:\desktop\a3\a3\a3\main.cpp(101): warning C4305: 'argument': truncation from 'double' to 'float'
b:\desktop\a3\a3\a3\main.cpp(142): warning C4018: '<': signed/unsigned mismatch
b:\desktop\a3\a3\a3\main.cpp(158): warning C4018: '<': signed/unsigned mismatch
b:\desktop\a3\a3\a3\main.cpp(183): warning C4018: '<': signed/unsigned mismatch
b:\desktop\a3\a3\a3\main.cpp(185): warning C4018: '<': signed/unsigned mismatch
b:\desktop\a3\a3\a3\main.cpp(447): warning C4244: '+=': conversion from 'double' to 'float', possible loss of data
b:\desktop\a3\a3\a3\main.cpp(448): warning C4244: '+=': conversion from 'double' to 'float', possible loss of data
b:\desktop\a3\a3\a3\main.cpp(459): warning C4244: '+=': conversion from 'double' to 'float', possible loss of data
b:\desktop\a3\a3\a3\main.cpp(461): warning C4305: '=': truncation from 'double' to 'float'
  a3.vcxproj -> B:\Desktop\a3\a3\Debug\a3.exe
  a3.vcxproj -> B:\Desktop\a3\a3\Debug\a3.pdb (Partial PDB)
